<?xml version="1.0" encoding="UTF-8"?>
<testsuite xmlns:xsi="http://www.w3.org/2001/XMLSchema-instance" xsi:noNamespaceSchemaLocation="https://maven.apache.org/surefire/maven-surefire-plugin/xsd/surefire-test-report-3.0.xsd" version="3.0" name="com.epam.brest.dao.DepartmentDaoJDBCImplTest" time="0.856" tests="2" errors="2" skipped="0" failures="0">
  <properties>
[...]
</properties>
  <testcase name="create" classname="com.epam.brest.dao.DepartmentDaoJDBCImplTest" time="0.007">
    <error type="org.junit.jupiter.api.extension.ParameterResolutionException"><![CDATA[org.junit.jupiter.api.extension.ParameterResolutionException: Failed to resolve parameter [com.epam.brest.dao.DepartmentDao arg0] in constructor [public com.epam.brest.dao.DepartmentDaoJDBCImplTest(com.epam.brest.dao.DepartmentDao)]: Failed to load ApplicationContext
Caused by: java.lang.IllegalStateException: Failed to load ApplicationContext
Caused by: org.springframework.beans.factory.xml.XmlBeanDefinitionStoreException: Line 15 in XML document from URL [jar:file:/home/anastasia/.m2/repository/com/epam/brest/test-db/1.0-SNAPSHOT/test-db-1.0-SNAPSHOT.jar!/test-db.xml] is invalid; nested exception is org.xml.sax.SAXParseException; lineNumber: 15; columnNumber: 56; The prefix "jdbc" for element "jdbc:initialize-database" is not bound.
Caused by: org.xml.sax.SAXParseException: The prefix "jdbc" for element "jdbc:initialize-database" is not bound.
]]></error>
  </testcase>
  <testcase name="findAll" classname="com.epam.brest.dao.DepartmentDaoJDBCImplTest" time="0">
    <error type="org.junit.jupiter.api.extension.ParameterResolutionException"><![CDATA[org.junit.jupiter.api.extension.ParameterResolutionException: Failed to resolve parameter [com.epam.brest.dao.DepartmentDao arg0] in constructor [public com.epam.brest.dao.DepartmentDaoJDBCImplTest(com.epam.brest.dao.DepartmentDao)]: Failed to load ApplicationContext
Caused by: java.lang.IllegalStateException: Failed to load ApplicationContext
Caused by: org.springframework.beans.factory.xml.XmlBeanDefinitionStoreException: Line 15 in XML document from URL [jar:file:/home/anastasia/.m2/repository/com/epam/brest/test-db/1.0-SNAPSHOT/test-db-1.0-SNAPSHOT.jar!/test-db.xml] is invalid; nested exception is org.xml.sax.SAXParseException; lineNumber: 15; columnNumber: 56; The prefix "jdbc" for element "jdbc:initialize-database" is not bound.
Caused by: org.xml.sax.SAXParseException: The prefix "jdbc" for element "jdbc:initialize-database" is not bound.
]]></error>
  </testcase>
</testsuite>